c:\github\janea\redis-private\msvs\hiredis\x64\release\vc120.pdb
c:\github\janea\redis-private\msvs\hiredis\x64\release\sds.obj
c:\github\janea\redis-private\msvs\hiredis\x64\release\net.obj
c:\github\janea\redis-private\msvs\hiredis\x64\release\hiredis.obj
c:\github\janea\redis-private\msvs\hiredis\x64\release\dict.obj
c:\github\janea\redis-private\msvs\hiredis\x64\release\async.obj
c:\github\janea\redis-private\msvs\x64\release\hiredis.lib
c:\github\janea\hiredis x\msvs\hiredis\x64\release\async.obj
c:\github\janea\hiredis x\msvs\hiredis\x64\release\dict.obj
c:\github\janea\hiredis x\msvs\hiredis\x64\release\hiredis.obj
c:\github\janea\hiredis x\msvs\hiredis\x64\release\net.obj
c:\github\janea\hiredis x\msvs\hiredis\x64\release\sds.obj
c:\github\janea\hiredis x\msvs\hiredis\x64\release\vc120.pdb
c:\github\janea\hiredis x\msvs\x64\release\hiredis.lib
c:\github\janea\hiredis x\msvs\hiredis\x64\release\hiredis.tlog\cl.command.1.tlog
c:\github\janea\hiredis x\msvs\hiredis\x64\release\hiredis.tlog\cl.read.1.tlog
c:\github\janea\hiredis x\msvs\hiredis\x64\release\hiredis.tlog\cl.write.1.tlog
c:\github\janea\hiredis x\msvs\hiredis\x64\release\hiredis.tlog\lib-link.read.1.tlog
c:\github\janea\hiredis x\msvs\hiredis\x64\release\hiredis.tlog\lib-link.write.1.tlog
c:\github\janea\hiredis x\msvs\hiredis\x64\release\hiredis.tlog\lib.command.1.tlog
